2026-01-27 19:36:57 | INFO     | wick_reversal | SYSTEM | strategy_init
2026-01-27 19:36:57 | INFO     | wick_reversal | SYSTEM | strategy_ready
2026-01-27 19:43:58 | INFO     | wick_reversal | SYSTEM | strategy_shutdown_initiated
2026-01-27 19:43:58 | INFO     | wick_reversal | SYSTEM | strategy_shutdown_complete
2026-01-27 19:44:49 | INFO     | wick_reversal | SYSTEM | strategy_init
2026-01-27 19:44:49 | INFO     | wick_reversal | SYSTEM | strategy_ready
2026-01-27 19:55:04 | INFO     | wick_reversal | SIGNAL | AVNT-PERP | upper_wick_short | strength=0.58
2026-01-27 19:55:05 | INFO     | wick_reversal | SIGNAL | PURR-PERP | upper_wick_short | strength=0.69
2026-01-27 19:55:05 | INFO     | wick_reversal | ORDER SUBMITTED | AVNT-PERP | short | qty=398.233754 | price=0.313886
2026-01-27 19:55:05 | ERROR    | wick_reversal | ERROR | entry_failed | User or API Wallet 0x38d43a607d56cb3f052595e44c8b245fa4fc9ec8 does not exist.
2026-01-27 19:55:05 | INFO     | wick_reversal | ORDER SUBMITTED | PURR-PERP | short | qty=1553.420259 | price=0.0804676
2026-01-27 19:55:05 | ERROR    | wick_reversal | ERROR | entry_failed | User or API Wallet 0x9c554fa68ad85e9cccb910b66777950e23c40a82 does not exist.
2026-01-27 19:58:41 | INFO     | wick_reversal | SYSTEM | strategy_shutdown_initiated
2026-01-27 19:58:41 | INFO     | wick_reversal | SYSTEM | strategy_shutdown_complete
2026-01-27 23:09:31 | INFO     | wick_reversal | SYSTEM | strategy_init
2026-01-27 23:09:31 | INFO     | wick_reversal | SYSTEM | strategy_ready
2026-01-27 23:10:16 | INFO     | wick_reversal | SIGNAL | FOGO-PERP | upper_wick_short | strength=0.55
2026-01-27 23:10:16 | INFO     | wick_reversal | ORDER SUBMITTED | FOGO-PERP | short | qty=2849.535412 | price=0.0438668
2026-01-27 23:10:16 | ERROR    | wick_reversal | ERROR | entry_failed | Exchange.order() got an unexpected keyword argument 'coin'
2026-01-27 23:12:26 | INFO     | wick_reversal | SYSTEM | strategy_shutdown_initiated
2026-01-27 23:12:26 | INFO     | wick_reversal | SYSTEM | strategy_shutdown_complete
2026-01-27 23:15:23 | INFO     | wick_reversal | SYSTEM | strategy_init
2026-01-27 23:15:23 | INFO     | wick_reversal | SYSTEM | strategy_ready
2026-01-27 23:30:04 | INFO     | wick_reversal | SIGNAL | ZRO-PERP | upper_wick_short | strength=0.70
2026-01-27 23:30:04 | INFO     | wick_reversal | ORDER SUBMITTED | ZRO-PERP | short | qty=56.178765 | price=2.22504
2026-01-27 23:30:04 | ERROR    | wick_reversal | ERROR | entry_failed | cannot import name 'OrderType' from 'hyperliquid.utils.types' (C:\Users\crosb\AppData\Local\Packages\PythonSoftwareFoundation.Python.3.11_qbz5n2kfra8p0\LocalCache\local-packages\Python311\site-packages\hyperliquid\utils\types.py)
2026-01-27 23:32:14 | INFO     | wick_reversal | SYSTEM | strategy_shutdown_initiated
2026-01-27 23:32:14 | INFO     | wick_reversal | SYSTEM | strategy_shutdown_complete
2026-01-27 23:32:27 | INFO     | wick_reversal | SYSTEM | strategy_init
2026-01-27 23:32:27 | INFO     | wick_reversal | SYSTEM | strategy_ready
2026-01-27 23:55:50 | INFO     | wick_reversal | SYSTEM | strategy_shutdown_initiated
2026-01-27 23:55:50 | INFO     | wick_reversal | SYSTEM | strategy_shutdown_complete
2026-01-28 05:57:41 | INFO     | wick_reversal | SYSTEM | strategy_init
2026-01-28 05:57:41 | INFO     | wick_reversal | SYSTEM | strategy_ready
2026-01-28 06:30:05 | INFO     | wick_reversal | SIGNAL | JTO-PERP | upper_wick_short | strength=0.62
2026-01-28 06:30:05 | INFO     | wick_reversal | ORDER SUBMITTED | JTO-PERP | short | qty=260.929829 | price=0.479056
2026-01-28 06:30:05 | ERROR    | wick_reversal | ERROR | entry_failed | ('float_to_wire causes rounding', 260.9298286630373)
2026-01-28 06:38:07 | INFO     | wick_reversal | SYSTEM | strategy_shutdown_initiated
2026-01-28 06:38:07 | INFO     | wick_reversal | SYSTEM | strategy_shutdown_complete
2026-01-28 06:38:20 | INFO     | wick_reversal | SYSTEM | strategy_init
2026-01-28 06:38:20 | INFO     | wick_reversal | SYSTEM | strategy_ready
2026-01-28 06:40:05 | INFO     | wick_reversal | SIGNAL | JUP-PERP | upper_wick_short | strength=0.70
2026-01-28 06:40:06 | INFO     | wick_reversal | ORDER SUBMITTED | JUP-PERP | short | qty=552.310425 | price=0.226322
2026-01-28 06:40:06 | ERROR    | wick_reversal | ERROR | entry_failed | Price must be divisible by tick size. asset=90
2026-01-28 06:44:34 | INFO     | wick_reversal | SYSTEM | strategy_shutdown_initiated
2026-01-28 06:44:34 | INFO     | wick_reversal | SYSTEM | strategy_shutdown_complete
2026-01-28 06:48:06 | INFO     | wick_reversal | SYSTEM | strategy_init
2026-01-28 06:48:06 | INFO     | wick_reversal | SYSTEM | strategy_ready
2026-01-28 06:50:03 | INFO     | wick_reversal | SIGNAL | JTO-PERP | upper_wick_short | strength=0.56
2026-01-28 06:50:05 | INFO     | wick_reversal | ORDER SUBMITTED | JTO-PERP | short | qty=259.875260 | price=0.481
2026-01-28 06:50:05 | ERROR    | wick_reversal | ERROR | entry_failed | 
2026-01-28 06:56:01 | INFO     | wick_reversal | SYSTEM | strategy_shutdown_initiated
2026-01-28 06:56:03 | INFO     | wick_reversal | SYSTEM | strategy_shutdown_complete
2026-01-28 06:57:38 | INFO     | wick_reversal | SYSTEM | strategy_init
2026-01-28 06:57:38 | INFO     | wick_reversal | SYSTEM | strategy_ready
2026-01-28 07:30:11 | INFO     | wick_reversal | SIGNAL | JTO-PERP | lower_wick_long | strength=0.60
2026-01-28 07:33:20 | INFO     | wick_reversal | SYSTEM | strategy_shutdown_initiated
2026-01-28 07:33:20 | INFO     | wick_reversal | SYSTEM | strategy_shutdown_complete
2026-01-28 17:57:15 | INFO     | wick_reversal | SYSTEM | strategy_init
2026-01-28 17:57:15 | INFO     | wick_reversal | SYSTEM | strategy_ready
2026-01-28 18:05:05 | INFO     | wick_reversal | SIGNAL | WLD-PERP | upper_wick_short | strength=0.62
2026-01-28 18:05:07 | INFO     | wick_reversal | ORDER SUBMITTED | WLD-PERP | short | qty=196.298902 | price=None
2026-01-28 18:05:07 | INFO     | wick_reversal | FILL | WLD-PERP | qty=196.298902 | price=0.63373 | slippage=0.000% | latency=2558.4ms
2026-01-28 18:05:07 | INFO     | wick_reversal | POSITION OPEN | WLD-PERP | short | entry=0.633730 | stop=0.641230 | target=0.633600
2026-01-28 18:10:05 | INFO     | wick_reversal | FILL | WLD-PERP | qty=196.298902 | price=0.62135 | slippage=0.000% | latency=2795.6ms
2026-01-28 18:10:05 | INFO     | wick_reversal | POSITION CLOSE | WLD-PERP | take_profit | PnL=$5.29 | duration=3 candles
2026-01-28 18:17:34 | INFO     | wick_reversal | SYSTEM | strategy_shutdown_initiated
2026-01-28 18:17:34 | INFO     | wick_reversal | SYSTEM | strategy_shutdown_complete
2026-01-28 18:21:00 | INFO     | wick_reversal | SYSTEM | strategy_init
2026-01-28 18:21:00 | INFO     | wick_reversal | SYSTEM | strategy_ready
2026-01-28 19:10:02 | INFO     | wick_reversal | SIGNAL | WLD-PERP | lower_wick_long | strength=0.71
2026-01-28 19:10:04 | INFO     | wick_reversal | ORDER SUBMITTED | WLD-PERP | long | qty=881.094531 | price=None
2026-01-28 19:10:04 | INFO     | wick_reversal | FILL | WLD-PERP | qty=881.094531 | price=0.57135 | slippage=0.000% | latency=2394.5ms
2026-01-28 19:10:04 | INFO     | wick_reversal | POSITION OPEN | WLD-PERP | long | entry=0.571350 | stop=0.564290 | target=0.570313
2026-01-28 19:15:03 | INFO     | wick_reversal | SIGNAL | JTO-PERP | upper_wick_short | strength=0.71
2026-01-28 19:15:06 | INFO     | wick_reversal | ORDER SUBMITTED | JTO-PERP | short | qty=1142.355812 | price=None
2026-01-28 19:15:06 | INFO     | wick_reversal | FILL | JTO-PERP | qty=1142.355812 | price=0.42797 | slippage=0.000% | latency=2853.4ms
2026-01-28 19:15:06 | INFO     | wick_reversal | POSITION OPEN | JTO-PERP | short | entry=0.427970 | stop=0.445420 | target=0.435504
2026-01-28 19:15:08 | INFO     | wick_reversal | FILL | WLD-PERP | qty=881.094531 | price=0.56355 | slippage=0.000% | latency=2018.2ms
2026-01-28 19:15:08 | INFO     | wick_reversal | POSITION CLOSE | WLD-PERP | stop_loss | PnL=$-14.35 | duration=8 candles
2026-01-28 19:20:04 | INFO     | wick_reversal | SIGNAL | WLD-PERP | lower_wick_long | strength=0.70
2026-01-28 19:20:06 | INFO     | wick_reversal | ORDER SUBMITTED | WLD-PERP | long | qty=891.119460 | price=None
2026-01-28 19:20:06 | INFO     | wick_reversal | FILL | WLD-PERP | qty=891.119460 | price=0.56603 | slippage=0.000% | latency=2535.7ms
2026-01-28 19:20:06 | INFO     | wick_reversal | POSITION OPEN | WLD-PERP | long | entry=0.566030 | stop=0.557150 | target=0.563897
2026-01-28 19:20:09 | INFO     | wick_reversal | FILL | JTO-PERP | qty=1142.355812 | price=0.4183 | slippage=0.000% | latency=2051.9ms
2026-01-28 19:20:09 | INFO     | wick_reversal | POSITION CLOSE | JTO-PERP | take_profit | PnL=$23.41 | duration=6 candles
2026-01-28 19:25:05 | INFO     | wick_reversal | FILL | WLD-PERP | qty=891.119460 | price=0.57323 | slippage=0.000% | latency=2441.6ms
2026-01-28 19:25:05 | INFO     | wick_reversal | POSITION CLOSE | WLD-PERP | take_profit | PnL=$12.78 | duration=5 candles
2026-01-28 19:25:05 | INFO     | wick_reversal | SIGNAL | JTO-PERP | upper_wick_short | strength=0.71
2026-01-28 19:25:07 | INFO     | wick_reversal | ORDER SUBMITTED | JTO-PERP | short | qty=1191.366879 | price=None
2026-01-28 19:25:07 | INFO     | wick_reversal | FILL | JTO-PERP | qty=1191.366879 | price=0.4179 | slippage=0.000% | latency=1918.1ms
2026-01-28 19:25:07 | INFO     | wick_reversal | POSITION OPEN | JTO-PERP | short | entry=0.417900 | stop=0.421900 | target=0.417588
2026-01-28 19:25:08 | INFO     | wick_reversal | SIGNAL | IP-PERP | lower_wick_long | strength=0.68
2026-01-28 19:25:09 | INFO     | wick_reversal | ORDER SUBMITTED | IP-PERP | long | qty=246.723512 | price=None
2026-01-28 19:25:09 | INFO     | wick_reversal | FILL | IP-PERP | qty=246.723512 | price=2.03293 | slippage=0.000% | latency=1740.0ms
2026-01-28 19:25:09 | INFO     | wick_reversal | POSITION OPEN | IP-PERP | long | entry=2.032930 | stop=2.013300 | target=2.036693
2026-01-28 19:30:09 | INFO     | wick_reversal | FILL | IP-PERP | qty=246.723512 | price=2.0433 | slippage=0.000% | latency=2242.4ms
2026-01-28 19:30:09 | INFO     | wick_reversal | POSITION CLOSE | IP-PERP | take_profit | PnL=$6.28 | duration=4 candles
2026-01-28 19:30:57 | INFO     | wick_reversal | FILL | JTO-PERP | qty=1191.366879 | price=0.4209 | slippage=0.000% | latency=2009.6ms
2026-01-28 19:30:57 | INFO     | wick_reversal | POSITION CLOSE | JTO-PERP | stop_loss | PnL=$-7.62 | duration=7 candles
2026-01-28 19:33:57 | INFO     | wick_reversal | SYSTEM | strategy_shutdown_initiated
2026-01-28 19:33:57 | INFO     | wick_reversal | SYSTEM | strategy_shutdown_complete
